C51 COMPILER V9.01   课程程序                                                              04/26/2016 21:33:51 PAGE 1   


C51 COMPILER V9.01, COMPILATION OF MODULE 课程程序
OBJECT MODULE PLACED IN 课程程序.OBJ
COMPILER INVOKED BY: E:\Program Files\Keil_v5\C51\BIN\C51.EXE 课程程序.c BROWSE DEBUG OBJECTEXTEND TABS(2)

line level    source

   1          
   2          #include "stc.h"
   3          #include <stdio.h>
   4          #include <stdlib.h>
   5          
   6          #define uchar unsigned char 
   7          #define uint unsigned int
   8          
   9          unsigned char code table[]={0x3f,0x06,0x5b,0x4f,0x66,0x6d,0x7d,
  10                                  0x07,0x7f,0x6f,0x77,0x7c,0x39,0x5e,0x79,0x71,0x00};//数码管码表
  11          uint num,i;
  12          uchar a0,b0,c0,d0,e0,f0;
  13          
  14          
  15          
  16          sbit k1=P1^0;//按键
  17          sbit k2=P1^1;
  18          sbit k3=P1^2;
  19          sbit k4=P1^3;
  20          sbit k5=P1^4;
  21          sbit k6=P1^5;
  22          sbit k7=P1^6;
  23          sbit k8=P1^7;
  24          
  25          
  26          sbit beep=P2^4;//蜂鸣器P2_4
  27          sbit led1=P2^5;//LED口
  28          sbit led2=P2^6;//LED口
  29          sbit led3=P2^7;//LED口
  30                                  
  31          
  32          void delay(uint i)
  33          {
  34   1        uint m,n;
  35   1        for(m=i;m>0;m--)
  36   1          for(n=90;n>0;n--);
  37   1      }
  38          
  39          void display(uchar a,uchar b,uchar c,uchar d)
  40          {
  41   1      
  42   1         P0=table[a];
  43   1      
  44   1         P0=0xfe;
  45   1         delay(5);
  46   1         
  47   1         P0=table[b];
  48   1         P0=0xfd;
  49   1         delay(5);
  50   1      
  51   1         P0=table[c];
  52   1         P0=0xfb;
  53   1         delay(5);
  54   1         
  55   1         P0=table[d];
C51 COMPILER V9.01   课程程序                                                              04/26/2016 21:33:51 PAGE 2   

  56   1         P0=0xf7;
  57   1         delay(5);
  58   1      
  59   1      }
  60          
  61          void dis_fun()//显示数函数
  62          {
  63   1        if(num<10)
  64   1          {a0=num;b0=16;c0=16;d0=16;e0=16;f0=16;}
  65   1          else
  66   1          {
  67   2            if(num<100)
  68   2            {a0=num/10;b0=num%10;c0=16;d0=16;e0=16;f0=16;}
  69   2            else
  70   2            {
  71   3              if(num<1000)
  72   3              {a0=num/100;b0=num%100/10;c0=num%10;d0=16;e0=16;f0=16;}
  73   3              else
  74   3              {
  75   4                if(num<10000)
  76   4                {a0=num/1000;b0=num%1000/100;c0=num%100/10;d0=num%10;e0=16;f0=16;}
  77   4                
  78   4              }
  79   3            }
  80   2          }
  81   1          display(a0,b0,c0,d0);
  82   1      }
  83          
  84          
  85          
  86          /*void delay(uchar i)//备用延时函数
  87          {
  88            uchar j,k;
  89            for(j=i;j>0;j--)
  90            for(k=125;k>0;k--);
  91          }*/
  92          
  93          
  94          void main()
  95          {   led1=0;
  96   1          led2=0;
  97   1          led3=0;
  98   1          beep=0;
  99   1                delay(1000);
 100   1          led1=1;
 101   1          led2=1;
 102   1          led3=1;
 103   1          beep=1;
 104   1        while(1)
 105   1        {
 106   2          if(k1==0)
 107   2          {
 108   3            knot1:k1=0;
 109   3            delay(20);     //消抖
 110   3            if(k1==20)
 111   3            {
 112   4              while(!k1);  //等待按键松开
 113   4              {  
 114   5                srand(1000);
 115   5      
 116   5                for(i=0;i<20;i++)
 117   5        {
C51 COMPILER V9.01   课程程序                                                              04/26/2016 21:33:51 PAGE 3   

 118   6       
 119   6          num=rand();
 120   6          num=num-1000;
 121   6        dis_fun();}
 122   5        goto knot1;
 123   5       
 124   5              }//语句
 125   4            }
 126   3            
 127   3          }
 128   2          if(k2==0)
 129   2          {
 130   3            knot2:k2=0;
 131   3            delay(20);     //消抖
 132   3            if(k2==20)
 133   3            {
 134   4              while(!k2);  //等待按键松开
 135   4              { 
 136   5                  for(num=0;num<16;num++){
 137   6                      P0=table[num];    //daima
 138   6                    P0=0xfe;     //选中第一个数码管
 139   6                    delay(500);
 140   6                  }
 141   5              goto knot2;
 142   5       
 143   5              }//语句
 144   4            }
 145   3          }
 146   2            
 147   2          if(k3==0)
 148   2          {
 149   3            delay(20);     //消抖
 150   3            if(k3==20)
 151   3            {
 152   4              while(!k3);  //等待按键松开
 153   4                //语句
 154   4              {
 155   5                while(1)
 156   5                {
 157   6                  for(num=0;num<16;num++)
 158   6                  {
 159   7                    P0=table[num];     
 160   7                    dis_fun();
 161   7                    delay(1000);
 162   7                  }
 163   6                }
 164   5              }
 165   4            }
 166   3            
 167   3          }
 168   2          if(k4==0)
 169   2          {
 170   3            delay(20);     //消抖    //消抖
 171   3            if(k4==20)
 172   3            {
 173   4              while(!k4);  //等待按键松开
 174   4        while(1){
 175   5          P0=0xfe;     
 176   5          P0=0xdf;    //数字“8”的代码
 177   5          delay(1000);
 178   5          P0=0x00;    //什么都不显示的代码
 179   5          delay(1000);//语句
C51 COMPILER V9.01   课程程序                                                              04/26/2016 21:33:51 PAGE 4   

 180   5                }
 181   4            }
 182   3            
 183   3          }
 184   2          if(k5==0)
 185   2          {
 186   3            delay(20);     //消抖
 187   3            if(k5==20)
 188   3            {
 189   4              while(!k5);  //等待按键松开
 190   4              {
 191   5              while(1)
 192   5              {
 193   6                if(!k5)
 194   6                  beep=1;
 195   6                else
 196   6                  beep=0;
 197   6              }}//语句
 198   4            }
 199   3          }
 200   2          if(k6==0)
 201   2          {
 202   3            delay(20);     //消抖
 203   3            if(k6==20)
 204   3            {
 205   4              while(!k6);  //等待按键松开
 206   4              {
 207   5                while(1)
 208   5                {
 209   6                  if(!k6)
 210   6                  {led1=0;
 211   7          delay(500);
 212   7          led2=0;
 213   7          delay(500);
 214   7          led3=0;
 215   7          delay(500);}
 216   6                  else
 217   6                  {led1=1;
 218   7                  led2=1;
 219   7                  led3=1;}
 220   6                }
 221   5              }     //语句
 222   4            }
 223   3            
 224   3          }
 225   2          if(k7==0)
 226   2          {
 227   3            num=0;
 228   3            knot7:beep=1;
 229   3                delay(500);
 230   3                beep=0;
 231   3            k7=0;
 232   3            delay(20);     //消抖
 233   3            if(k7==20)
 234   3            {
 235   4              while(!k7);  //等待按键松开
 236   4              {
 237   5                while(1)
 238   5              {
 239   6                num=num+1;
 240   6                dis_fun();
 241   6                beep=1;
C51 COMPILER V9.01   课程程序                                                              04/26/2016 21:33:51 PAGE 5   

 242   6                delay(500);
 243   6                beep=0;
 244   6                goto knot7;
 245   6              }
 246   5              }
 247   4            }
 248   3            
 249   3          }
 250   2          if(k8==0)
 251   2          {
 252   3            num=1;
 253   3            knot8:beep=1;
 254   3                delay(500);
 255   3                beep=0;
 256   3            k8=0;
 257   3            delay(20);     //消抖
 258   3            if(k8==20)
 259   3            {
 260   4              while(!k8);  //等待按键松开
 261   4              //语句
 262   4              {
 263   5                while(1)
 264   5              {
 265   6                num=num*2;
 266   6                dis_fun();
 267   6                beep=1;
 268   6                delay(500);
 269   6                beep=0;
 270   6                goto knot8;
 271   6              }
 272   5              }
 273   4            }
 274   3          }
 275   2        }
 276   1      }
 277            
 278          


MODULE INFORMATION:   STATIC OVERLAYABLE
   CODE SIZE        =    760    ----
   CONSTANT SIZE    =     17    ----
   XDATA SIZE       =   ----    ----
   PDATA SIZE       =   ----    ----
   DATA SIZE        =     10       4
   IDATA SIZE       =   ----    ----
   BIT SIZE         =   ----    ----
END OF MODULE INFORMATION.


C51 COMPILATION COMPLETE.  0 WARNING(S),  0 ERROR(S)
