Added Component: Designator=C1(RAD0.1)
Added Component: Designator=C2(RAD0.1)
Added Component: Designator=D1(DIODE0.4A)
Added Component: Designator=R1(AXIAL0.3)
Added Component: Designator=R2(AXIAL0.3)
Added Component: Designator=R3(AXIAL0.3)
Added Component: Designator=R4(AXIAL0.3)
Added Component: Designator=R5(AXIAL0.3)
Added Pin To Net: NetName=GND Pin=C1-1
Added Pin To Net: NetName=GND Pin=C2-1
Added Pin To Net: NetName=GND Pin=R5-2
Added Net: Name=GND
Added Net: Name=Net89c51_9
Added Pin To Net: NetName=Net89c51_18 Pin=C1-2
Added Net: Name=Net89c51_18
Added Pin To Net: NetName=Net89c51_19 Pin=C2-2
Added Net: Name=Net89c51_19
Added Pin To Net: NetName=Net89c51_40 Pin=D1-A
Added Net: Name=Net89c51_40
Added Net: Name=NetC3_2
Added Pin To Net: NetName=NetD1_K Pin=D1-K
Added Pin To Net: NetName=NetD1_K Pin=R5-1
Added Net: Name=NetD1_K
Added Net: Name=Netled4_9
Added Net: Name=Netled4_10
Added Net: Name=Netled4_11
Added Net: Name=Netled4_12
Added Pin To Net: NetName=NetQ1_3 Pin=R1-1
Added Net: Name=NetQ1_3
Added Pin To Net: NetName=NetQ2_3 Pin=R2-1
Added Net: Name=NetQ2_3
Added Pin To Net: NetName=NetQ3_3 Pin=R3-1
Added Net: Name=NetQ3_3
Added Pin To Net: NetName=NetQ4_3 Pin=R4-1
Added Net: Name=NetQ4_3
Added Net: Name=P0_0
Added Net: Name=P0_1
Added Net: Name=P0_2
Added Net: Name=P0_3
Added Net: Name=P0_4
Added Net: Name=P0_5
Added Net: Name=P0_6
Added Net: Name=P0_7
Added Net: Name=P1_0
Added Net: Name=P1_1
Added Net: Name=P1_2
Added Net: Name=P1_3
Added Net: Name=P1_4
Added Net: Name=P1_5
Added Net: Name=P1_6
Added Net: Name=P1_7
Added Net: Name=P2_0
Added Net: Name=P2_1
Added Net: Name=P2_2
Added Net: Name=P2_3
Added Pin To Net: NetName=VCC Pin=R1-2
Added Pin To Net: NetName=VCC Pin=R2-2
Added Pin To Net: NetName=VCC Pin=R3-2
Added Pin To Net: NetName=VCC Pin=R4-2
Added Net: Name=VCC
Added Class: Name=Sheet1
Added Room: Name=Sheet1
