Removed Pin From Net: NetName=Net89c51_32 Pin=89c51-33
Removed Pin From Net: NetName=Net89c51_32 Pin=89c51-34
Removed Pin From Net: NetName=Net89c51_32 Pin=89c51-35
Removed Pin From Net: NetName=Net89c51_32 Pin=89c51-36
Removed Pin From Net: NetName=Net89c51_32 Pin=89c51-37
Removed Pin From Net: NetName=Net89c51_32 Pin=89c51-38
Removed Pin From Net: NetName=Net89c51_32 Pin=89c51-39
Removed Pin From Net: NetName=Net89c51_32 Pin=RP1-1
Removed Pin From Net: NetName=Net89c51_32 Pin=RP1-2
Removed Pin From Net: NetName=Net89c51_32 Pin=RP1-3
Removed Pin From Net: NetName=Net89c51_32 Pin=RP1-4
Removed Pin From Net: NetName=Net89c51_32 Pin=RP1-5
Removed Pin From Net: NetName=Net89c51_32 Pin=RP1-6
Removed Pin From Net: NetName=Net89c51_32 Pin=RP1-7
Removed Pin From Net: NetName=Net89c51_32 Pin=U1-2
Removed Pin From Net: NetName=Net89c51_32 Pin=U1-3
Removed Pin From Net: NetName=Net89c51_32 Pin=U1-4
Removed Pin From Net: NetName=Net89c51_32 Pin=U1-5
Removed Pin From Net: NetName=Net89c51_32 Pin=U1-6
Removed Pin From Net: NetName=Net89c51_32 Pin=U1-7
Removed Pin From Net: NetName=Net89c51_32 Pin=U1-8
Added Pin To Net: NetName=Net89c51_33 Pin=89c51-33
Added Pin To Net: NetName=Net89c51_33 Pin=RP1-7
Added Pin To Net: NetName=Net89c51_33 Pin=U1-8
Added Net: Name=Net89c51_33
Added Pin To Net: NetName=Net89c51_34 Pin=89c51-34
Added Pin To Net: NetName=Net89c51_34 Pin=RP1-6
Added Pin To Net: NetName=Net89c51_34 Pin=U1-7
Added Net: Name=Net89c51_34
Added Pin To Net: NetName=Net89c51_35 Pin=89c51-35
Added Pin To Net: NetName=Net89c51_35 Pin=RP1-5
Added Pin To Net: NetName=Net89c51_35 Pin=U1-6
Added Net: Name=Net89c51_35
Added Pin To Net: NetName=Net89c51_36 Pin=89c51-36
Added Pin To Net: NetName=Net89c51_36 Pin=RP1-4
Added Pin To Net: NetName=Net89c51_36 Pin=U1-5
Added Net: Name=Net89c51_36
Added Pin To Net: NetName=Net89c51_37 Pin=89c51-37
Added Pin To Net: NetName=Net89c51_37 Pin=RP1-3
Added Pin To Net: NetName=Net89c51_37 Pin=U1-4
Added Net: Name=Net89c51_37
Added Pin To Net: NetName=Net89c51_38 Pin=89c51-38
Added Pin To Net: NetName=Net89c51_38 Pin=RP1-2
Added Pin To Net: NetName=Net89c51_38 Pin=U1-3
Added Net: Name=Net89c51_38
Added Pin To Net: NetName=Net89c51_39 Pin=89c51-39
Added Pin To Net: NetName=Net89c51_39 Pin=RP1-1
Added Pin To Net: NetName=Net89c51_39 Pin=U1-2
Added Net: Name=Net89c51_39
