Added Component: Designator=89c51(DIP40)
Added Component: Designator=C1(RAD-0.3)
Added Component: Designator=C2(RAD-0.3)
Added Component: Designator=C3(cap)
Added Component: Designator=D1(DIODE0.4A)
Added Component: Designator=D2(DIODE0.4A)
Added Component: Designator=JP1(HDR1X8)
Added Component: Designator=JP2(HDR1X8)
Added Component: Designator=JP3(HDR1X2)
Added Component: Designator=led4(HDR2X6)
Added Component: Designator=LS1(PIN2)
Added Component: Designator=Q1(TO-226-AA)
Added Component: Designator=Q2(TO-226-AA)
Added Component: Designator=Q3(TO-226-AA)
Added Component: Designator=Q4(TO-226-AA)
Added Component: Designator=Q5(SOT-23B_N)
Added Component: Designator=R1(AXIAL-0.4)
Added Component: Designator=R2(AXIAL-0.4)
Added Component: Designator=R3(AXIAL-0.4)
Added Component: Designator=R4(AXIAL-0.4)
Added Component: Designator=R5(AXIAL-0.4)
Added Component: Designator=R6(AXIAL-0.4)
Added Component: Designator=R7(AXIAL-0.4)
Added Component: Designator=R8(AXIAL-0.4)
Added Component: Designator=S1(SPST-2)
Added Component: Designator=S2(SPST-2)
Added Component: Designator=S3(SPST-2)
Added Component: Designator=S4(SPST-2)
Added Component: Designator=S5(SPST-2)
Added Component: Designator=S6(SPST-2)
Added Component: Designator=S7(SPST-2)
Added Component: Designator=S8(SPST-2)
Added Component: Designator=S9(SPST-2)
Added Component: Designator=S?(SOT23-6_N)
Added Component: Designator=Y1(R38)
Added Pin To Net: NetName=P1_0 Pin=89c51-1
Added Pin To Net: NetName=P1_1 Pin=89c51-2
Added Pin To Net: NetName=P1_2 Pin=89c51-3
Added Pin To Net: NetName=P1_3 Pin=89c51-4
Added Pin To Net: NetName=P1_4 Pin=89c51-5
Added Pin To Net: NetName=P1_5 Pin=89c51-6
Added Pin To Net: NetName=P1_6 Pin=89c51-7
Added Pin To Net: NetName=P1_7 Pin=89c51-8
Added Pin To Net: NetName=Net89c51_9 Pin=89c51-9
Added Pin To Net: NetName=Net89c51_18 Pin=89c51-18
Added Pin To Net: NetName=Net89c51_19 Pin=89c51-19
Added Pin To Net: NetName=GND Pin=89c51-20
Added Pin To Net: NetName=P2_0 Pin=89c51-21
Added Pin To Net: NetName=P2_1 Pin=89c51-22
Added Pin To Net: NetName=P2_2 Pin=89c51-23
Added Pin To Net: NetName=P2_3 Pin=89c51-24
Added Pin To Net: NetName=P0_7 Pin=89c51-32
Added Pin To Net: NetName=P0_6 Pin=89c51-33
Added Pin To Net: NetName=P0_5 Pin=89c51-34
Added Pin To Net: NetName=P0_4 Pin=89c51-35
Added Pin To Net: NetName=P0_3 Pin=89c51-36
Added Pin To Net: NetName=P0_2 Pin=89c51-37
Added Pin To Net: NetName=P0_1 Pin=89c51-38
Added Pin To Net: NetName=P0_0 Pin=89c51-39
Added Pin To Net: NetName=Net89c51_40 Pin=89c51-40
Added Pin To Net: NetName=GND Pin=C1-1
Added Pin To Net: NetName=Net89c51_18 Pin=C1-2
Added Pin To Net: NetName=GND Pin=C2-1
Added Pin To Net: NetName=Net89c51_19 Pin=C2-2
Added Pin To Net: NetName=VCC Pin=C3-1
Added Pin To Net: NetName=NetC3_2 Pin=C3-2
Added Pin To Net: NetName=Net89c51_40 Pin=D1-A
Added Pin To Net: NetName=NetD1_K Pin=D1-K
Added Pin To Net: NetName=GND Pin=D2-K
Added Pin To Net: NetName=P0_0 Pin=JP1-1
Added Pin To Net: NetName=P0_1 Pin=JP1-2
Added Pin To Net: NetName=P0_2 Pin=JP1-3
Added Pin To Net: NetName=P0_3 Pin=JP1-4
Added Pin To Net: NetName=P0_4 Pin=JP1-5
Added Pin To Net: NetName=P0_5 Pin=JP1-6
Added Pin To Net: NetName=P0_6 Pin=JP1-7
Added Pin To Net: NetName=P0_7 Pin=JP1-8
Added Pin To Net: NetName=P0_0 Pin=JP2-1
Added Pin To Net: NetName=P0_1 Pin=JP2-2
Added Pin To Net: NetName=P0_2 Pin=JP2-3
Added Pin To Net: NetName=P0_3 Pin=JP2-4
Added Pin To Net: NetName=P0_4 Pin=JP2-5
Added Pin To Net: NetName=P0_5 Pin=JP2-6
Added Pin To Net: NetName=P0_6 Pin=JP2-7
Added Pin To Net: NetName=P0_7 Pin=JP2-8
Added Pin To Net: NetName=P0_0 Pin=led4-1
Added Pin To Net: NetName=P0_1 Pin=led4-2
Added Pin To Net: NetName=P0_2 Pin=led4-3
Added Pin To Net: NetName=P0_3 Pin=led4-4
Added Pin To Net: NetName=P0_4 Pin=led4-5
Added Pin To Net: NetName=P0_5 Pin=led4-6
Added Pin To Net: NetName=P0_6 Pin=led4-7
Added Pin To Net: NetName=P0_7 Pin=led4-8
Added Pin To Net: NetName=Netled4_9 Pin=led4-9
Added Pin To Net: NetName=Netled4_10 Pin=led4-10
Added Pin To Net: NetName=Netled4_11 Pin=led4-11
Added Pin To Net: NetName=Netled4_12 Pin=led4-12
Added Pin To Net: NetName=GND Pin=LS1-1
Added Pin To Net: NetName=NetQ1_1 Pin=Q1-1
Added Pin To Net: NetName=P2_0 Pin=Q1-2
Added Pin To Net: NetName=Netled4_9 Pin=Q1-3
Added Pin To Net: NetName=NetQ2_1 Pin=Q2-1
Added Pin To Net: NetName=P2_1 Pin=Q2-2
Added Pin To Net: NetName=Netled4_10 Pin=Q2-3
Added Pin To Net: NetName=NetQ3_1 Pin=Q3-1
Added Pin To Net: NetName=P2_2 Pin=Q3-2
Added Pin To Net: NetName=Netled4_11 Pin=Q3-3
Added Pin To Net: NetName=NetQ4_1 Pin=Q4-1
Added Pin To Net: NetName=P2_3 Pin=Q4-2
Added Pin To Net: NetName=Netled4_12 Pin=Q4-3
Added Pin To Net: NetName=VCC Pin=Q5-3
Added Pin To Net: NetName=NetQ1_1 Pin=R1-1
Added Pin To Net: NetName=VCC Pin=R1-2
Added Pin To Net: NetName=NetQ2_1 Pin=R2-1
Added Pin To Net: NetName=VCC Pin=R2-2
Added Pin To Net: NetName=NetQ3_1 Pin=R3-1
Added Pin To Net: NetName=VCC Pin=R3-2
Added Pin To Net: NetName=NetQ4_1 Pin=R4-1
Added Pin To Net: NetName=VCC Pin=R4-2
Added Pin To Net: NetName=NetD1_K Pin=R5-1
Added Pin To Net: NetName=GND Pin=R5-2
Added Pin To Net: NetName=GND Pin=R6-1
Added Pin To Net: NetName=NetC3_2 Pin=R6-2
Added Pin To Net: NetName=VCC Pin=R7-2
Added Pin To Net: NetName=GND Pin=S1-1
Added Pin To Net: NetName=P1_0 Pin=S1-2
Added Pin To Net: NetName=GND Pin=S2-1
Added Pin To Net: NetName=P1_1 Pin=S2-2
Added Pin To Net: NetName=GND Pin=S3-1
Added Pin To Net: NetName=P1_2 Pin=S3-2
Added Pin To Net: NetName=GND Pin=S4-1
Added Pin To Net: NetName=P1_3 Pin=S4-2
Added Pin To Net: NetName=GND Pin=S5-1
Added Pin To Net: NetName=P1_4 Pin=S5-2
Added Pin To Net: NetName=GND Pin=S6-1
Added Pin To Net: NetName=P1_5 Pin=S6-2
Added Pin To Net: NetName=GND Pin=S7-1
Added Pin To Net: NetName=P1_6 Pin=S7-2
Added Pin To Net: NetName=GND Pin=S8-1
Added Pin To Net: NetName=P1_7 Pin=S8-2
Added Pin To Net: NetName=NetC3_2 Pin=S9-1
Added Pin To Net: NetName=Net89c51_9 Pin=S9-2
Added Pin To Net: NetName=Net89c51_40 Pin=S?-5
Added Pin To Net: NetName=VCC Pin=S?-6
Added Pin To Net: NetName=Net89c51_19 Pin=Y1-1
Added Pin To Net: NetName=Net89c51_18 Pin=Y1-2
Added Pin To Net: NetName=Net89c51_10 Pin=89c51-10
Added Pin To Net: NetName=Net89c51_10 Pin=JP3-2
Added Net: Name=Net89c51_10
Added Pin To Net: NetName=Net89c51_11 Pin=89c51-11
Added Pin To Net: NetName=Net89c51_11 Pin=JP3-1
Added Net: Name=Net89c51_11
Added Pin To Net: NetName=Net89c51_26 Pin=89c51-26
Added Pin To Net: NetName=Net89c51_26 Pin=D2-A
Added Net: Name=Net89c51_26
Added Pin To Net: NetName=NetLS1_2 Pin=LS1-2
Added Pin To Net: NetName=NetLS1_2 Pin=Q5-1
Added Net: Name=NetLS1_2
Added Pin To Net: NetName=NetQ5_2 Pin=Q5-2
Added Pin To Net: NetName=NetQ5_2 Pin=R7-1
Added Pin To Net: NetName=NetQ5_2 Pin=R8-1
Added Net: Name=NetQ5_2
Added Pin To Net: NetName=P2_4 Pin=89c51-25
Added Pin To Net: NetName=P2_4 Pin=R8-2
Added Net: Name=P2_4
Added Member To Class: ClassName=Sheet1 Member=Component 89c51 89C51
Added Member To Class: ClassName=Sheet1 Member=Component C1 30p
Added Member To Class: ClassName=Sheet1 Member=Component C2 30p
Added Member To Class: ClassName=Sheet1 Member=Component C3 10u
Added Member To Class: ClassName=Sheet1 Member=Component D1 发光二极管
Added Member To Class: ClassName=Sheet1 Member=Component D2 发光二极管阵列
Added Member To Class: ClassName=Sheet1 Member=Component JP1 8 HEADER
Added Member To Class: ClassName=Sheet1 Member=Component JP2 8 HEADER
Added Member To Class: ClassName=Sheet1 Member=Component JP3 下载电路
Added Member To Class: ClassName=Sheet1 Member=Component led4 LED4_1
Added Member To Class: ClassName=Sheet1 Member=Component LS1 Bell
Added Member To Class: ClassName=Sheet1 Member=Component Q1 NPN
Added Member To Class: ClassName=Sheet1 Member=Component Q2 NPN
Added Member To Class: ClassName=Sheet1 Member=Component Q3 NPN
Added Member To Class: ClassName=Sheet1 Member=Component Q4 NPN
Added Member To Class: ClassName=Sheet1 Member=Component Q5 PNP
Added Member To Class: ClassName=Sheet1 Member=Component R1 4.7k
Added Member To Class: ClassName=Sheet1 Member=Component R2 4.7k
Added Member To Class: ClassName=Sheet1 Member=Component R3 4.7k
Added Member To Class: ClassName=Sheet1 Member=Component R4 4.7k
Added Member To Class: ClassName=Sheet1 Member=Component R5 470
Added Member To Class: ClassName=Sheet1 Member=Component R6
Added Member To Class: ClassName=Sheet1 Member=Component R7 Res2
Added Member To Class: ClassName=Sheet1 Member=Component R8 Res2
Added Member To Class: ClassName=Sheet1 Member=Component S1 SW-PB
Added Member To Class: ClassName=Sheet1 Member=Component S2 SW-PB
Added Member To Class: ClassName=Sheet1 Member=Component S3 SW-PB
Added Member To Class: ClassName=Sheet1 Member=Component S4 SW-PB
Added Member To Class: ClassName=Sheet1 Member=Component S5 SW-PB
Added Member To Class: ClassName=Sheet1 Member=Component S6 SW-PB
Added Member To Class: ClassName=Sheet1 Member=Component S7 SW-PB
Added Member To Class: ClassName=Sheet1 Member=Component S8 SW-PB
Added Member To Class: ClassName=Sheet1 Member=Component S9 SW-PB
Added Member To Class: ClassName=Sheet1 Member=Component S? SW DPDT
Added Member To Class: ClassName=Sheet1 Member=Component Y1 XTAL
Added Room: Name=Sheet1
