Removed Pin From Net: NetName=VCC Pin=S10-6
Removed Pin From Net: NetName=P0_7 Pin=U1-12
Removed Pin From Net: NetName=P0_6 Pin=U1-13
Removed Pin From Net: NetName=P0_5 Pin=U1-14
Removed Pin From Net: NetName=P0_4 Pin=U1-15
Removed Pin From Net: NetName=P0_3 Pin=U1-16
Removed Pin From Net: NetName=P0_2 Pin=U1-17
Removed Pin From Net: NetName=P0_1 Pin=U1-18
Removed Pin From Net: NetName=P0_0 Pin=U1-19
Added Component: Designator=RP2(DIP16)
Added Pin To Net: NetName=P0_7 Pin=RP2-9
Added Pin To Net: NetName=P0_6 Pin=RP2-10
Added Pin To Net: NetName=P0_5 Pin=RP2-11
Added Pin To Net: NetName=P0_4 Pin=RP2-12
Added Pin To Net: NetName=P0_3 Pin=RP2-13
Added Pin To Net: NetName=P0_2 Pin=RP2-14
Added Pin To Net: NetName=P0_1 Pin=RP2-15
Added Pin To Net: NetName=P0_0 Pin=RP2-16
Added Pin To Net: NetName=+5V Pin=S10-6
Added Net: Name=+5V
Added Pin To Net: NetName=NetRP2_1 Pin=RP2-1
Added Pin To Net: NetName=NetRP2_1 Pin=U1-19
Added Net: Name=NetRP2_1
Added Pin To Net: NetName=NetRP2_2 Pin=RP2-2
Added Pin To Net: NetName=NetRP2_2 Pin=U1-18
Added Net: Name=NetRP2_2
Added Pin To Net: NetName=NetRP2_3 Pin=RP2-3
Added Pin To Net: NetName=NetRP2_3 Pin=U1-17
Added Net: Name=NetRP2_3
Added Pin To Net: NetName=NetRP2_4 Pin=RP2-4
Added Pin To Net: NetName=NetRP2_4 Pin=U1-16
Added Net: Name=NetRP2_4
Added Pin To Net: NetName=NetRP2_5 Pin=RP2-5
Added Pin To Net: NetName=NetRP2_5 Pin=U1-15
Added Net: Name=NetRP2_5
Added Pin To Net: NetName=NetRP2_6 Pin=RP2-6
Added Pin To Net: NetName=NetRP2_6 Pin=U1-14
Added Net: Name=NetRP2_6
Added Pin To Net: NetName=NetRP2_7 Pin=RP2-7
Added Pin To Net: NetName=NetRP2_7 Pin=U1-13
Added Net: Name=NetRP2_7
Added Pin To Net: NetName=NetRP2_8 Pin=RP2-8
Added Pin To Net: NetName=NetRP2_8 Pin=U1-12
Added Net: Name=NetRP2_8
Added Member To Class: ClassName=Sheet1 Member=Component RP2 RESPACK4
