Removed Pin From Net: NetName=P0_7 Pin=89c51-32
Removed Pin From Net: NetName=P0_6 Pin=89c51-33
Removed Pin From Net: NetName=P0_5 Pin=89c51-34
Removed Pin From Net: NetName=P0_4 Pin=89c51-35
Removed Pin From Net: NetName=P0_3 Pin=89c51-36
Removed Pin From Net: NetName=P0_2 Pin=89c51-37
Removed Pin From Net: NetName=P0_1 Pin=89c51-38
Removed Pin From Net: NetName=P0_0 Pin=89c51-39
Removed Pin From Net: NetName=Net89c51_40 Pin=D1-A
Removed Pin From Net: NetName=P0_0 Pin=JP1-1
Removed Pin From Net: NetName=P0_1 Pin=JP1-2
Removed Pin From Net: NetName=P0_2 Pin=JP1-3
Removed Pin From Net: NetName=P0_3 Pin=JP1-4
Removed Pin From Net: NetName=P0_4 Pin=JP1-5
Removed Pin From Net: NetName=P0_5 Pin=JP1-6
Removed Pin From Net: NetName=P0_6 Pin=JP1-7
Removed Pin From Net: NetName=P0_7 Pin=JP1-8
Removed Pin From Net: NetName=P0_0 Pin=JP2-1
Removed Pin From Net: NetName=P0_1 Pin=JP2-2
Removed Pin From Net: NetName=P0_2 Pin=JP2-3
Removed Pin From Net: NetName=P0_3 Pin=JP2-4
Removed Pin From Net: NetName=P0_4 Pin=JP2-5
Removed Pin From Net: NetName=P0_5 Pin=JP2-6
Removed Pin From Net: NetName=P0_6 Pin=JP2-7
Removed Pin From Net: NetName=P0_7 Pin=JP2-8
Removed Pin From Net: NetName=P2_0 Pin=Q1-2
Removed Pin From Net: NetName=P2_1 Pin=Q2-2
Removed Pin From Net: NetName=P2_2 Pin=Q3-2
Removed Pin From Net: NetName=P2_3 Pin=Q4-2
Removed Pin From Net: NetName=VCC Pin=R1-2
Removed Pin From Net: NetName=VCC Pin=R2-2
Removed Pin From Net: NetName=VCC Pin=R3-2
Removed Pin From Net: NetName=VCC Pin=R4-2
Removed Pin From Net: NetName=Net89c51_40 Pin=S10-5
Removed Member From Class: ClassName=Sheet1 Member=JP1
Removed Member From Class: ClassName=Sheet1 Member=JP2
Removed Member From Class: ClassName=Sheet1 Member=Q1
Removed Member From Class: ClassName=Sheet1 Member=Q2
Removed Member From Class: ClassName=Sheet1 Member=Q3
Removed Member From Class: ClassName=Sheet1 Member=Q4
Removed Member From Class: ClassName=Sheet1 Member=R1
Removed Member From Class: ClassName=Sheet1 Member=R2
Removed Member From Class: ClassName=Sheet1 Member=R3
Removed Member From Class: ClassName=Sheet1 Member=R4
Added Component: Designator=RP1(DIP16)
Added Component: Designator=U1(DIP-20)
Added Pin To Net: NetName=P2_0 Pin=led4-9
Added Pin To Net: NetName=P2_1 Pin=led4-10
Added Pin To Net: NetName=P2_2 Pin=led4-11
Added Pin To Net: NetName=P2_3 Pin=led4-12
Added Pin To Net: NetName=VCC Pin=RP1-9
Added Pin To Net: NetName=VCC Pin=RP1-10
Added Pin To Net: NetName=VCC Pin=RP1-11
Added Pin To Net: NetName=VCC Pin=RP1-12
Added Pin To Net: NetName=VCC Pin=RP1-13
Added Pin To Net: NetName=VCC Pin=RP1-14
Added Pin To Net: NetName=VCC Pin=RP1-15
Added Pin To Net: NetName=VCC Pin=RP1-16
Added Pin To Net: NetName=Net89c51_40 Pin=S10-1
Added Pin To Net: NetName=GND Pin=U1-1
Added Pin To Net: NetName=GND Pin=U1-10
Added Pin To Net: NetName=VCC Pin=U1-11
Added Pin To Net: NetName=P0_7 Pin=U1-12
Added Pin To Net: NetName=P0_6 Pin=U1-13
Added Pin To Net: NetName=P0_5 Pin=U1-14
Added Pin To Net: NetName=P0_4 Pin=U1-15
Added Pin To Net: NetName=P0_3 Pin=U1-16
Added Pin To Net: NetName=P0_2 Pin=U1-17
Added Pin To Net: NetName=P0_1 Pin=U1-18
Added Pin To Net: NetName=P0_0 Pin=U1-19
Added Pin To Net: NetName=VCC Pin=U1-20
Added Pin To Net: NetName=Net89c51_32 Pin=89c51-32
Added Pin To Net: NetName=Net89c51_32 Pin=89c51-33
Added Pin To Net: NetName=Net89c51_32 Pin=89c51-34
Added Pin To Net: NetName=Net89c51_32 Pin=89c51-35
Added Pin To Net: NetName=Net89c51_32 Pin=89c51-36
Added Pin To Net: NetName=Net89c51_32 Pin=89c51-37
Added Pin To Net: NetName=Net89c51_32 Pin=89c51-38
Added Pin To Net: NetName=Net89c51_32 Pin=89c51-39
Added Pin To Net: NetName=Net89c51_32 Pin=RP1-1
Added Pin To Net: NetName=Net89c51_32 Pin=RP1-2
Added Pin To Net: NetName=Net89c51_32 Pin=RP1-3
Added Pin To Net: NetName=Net89c51_32 Pin=RP1-4
Added Pin To Net: NetName=Net89c51_32 Pin=RP1-5
Added Pin To Net: NetName=Net89c51_32 Pin=RP1-6
Added Pin To Net: NetName=Net89c51_32 Pin=RP1-7
Added Pin To Net: NetName=Net89c51_32 Pin=RP1-8
Added Pin To Net: NetName=Net89c51_32 Pin=U1-2
Added Pin To Net: NetName=Net89c51_32 Pin=U1-3
Added Pin To Net: NetName=Net89c51_32 Pin=U1-4
Added Pin To Net: NetName=Net89c51_32 Pin=U1-5
Added Pin To Net: NetName=Net89c51_32 Pin=U1-6
Added Pin To Net: NetName=Net89c51_32 Pin=U1-7
Added Pin To Net: NetName=Net89c51_32 Pin=U1-8
Added Pin To Net: NetName=Net89c51_32 Pin=U1-9
Added Net: Name=Net89c51_32
Added Pin To Net: NetName=NetD1_A Pin=D1-A
Added Pin To Net: NetName=NetD1_A Pin=S10-5
Added Net: Name=NetD1_A
Added Member To Class: ClassName=Sheet1 Member=Component RP1 RESPACK4
Added Member To Class: ClassName=Sheet1 Member=Component U1 74HC573
